[ WARN ] 2018-05-04 05:07:52,754 org.apache.storm.shade.org.apache.curator.utils.ZKPaths$CreateModeHolder.<clinit>(ZKPaths.java:76) --> The version of ZooKeeper being used doesn't support Container nodes. CreateMode.PERSISTENT will be used instead.
[ WARN ] 2018-05-04 05:07:53,160 org.apache.storm.localizer.Localizer.reconstructLocalizedResources(Localizer.java:246) --> No left over resources found for any user during reconstructing of local resources at: C:\Users\yaoke\AppData\Local\Temp\7f2d62a1-b0b2-4f4d-aa55-01247e875211\supervisor\usercache
[ WARN ] 2018-05-04 05:07:53,207 org.apache.storm.daemon.supervisor.Slot.<init>(Slot.java:670) --> SLOT DESKTOP-HSD8HR7:1024 Starting in state EMPTY - assignment null
[ WARN ] 2018-05-04 05:07:53,207 org.apache.storm.daemon.supervisor.Slot.<init>(Slot.java:670) --> SLOT DESKTOP-HSD8HR7:1025 Starting in state EMPTY - assignment null
[ WARN ] 2018-05-04 05:07:53,207 org.apache.storm.daemon.supervisor.Slot.<init>(Slot.java:670) --> SLOT DESKTOP-HSD8HR7:1026 Starting in state EMPTY - assignment null
[ WARN ] 2018-05-04 05:07:53,270 org.apache.storm.localizer.Localizer.reconstructLocalizedResources(Localizer.java:246) --> No left over resources found for any user during reconstructing of local resources at: C:\Users\yaoke\AppData\Local\Temp\91f0de33-252f-485b-9ef6-93a30546a0b4\supervisor\usercache
[ WARN ] 2018-05-04 05:07:53,285 org.apache.storm.daemon.supervisor.Slot.<init>(Slot.java:670) --> SLOT DESKTOP-HSD8HR7:1027 Starting in state EMPTY - assignment null
[ WARN ] 2018-05-04 05:07:53,285 org.apache.storm.daemon.supervisor.Slot.<init>(Slot.java:670) --> SLOT DESKTOP-HSD8HR7:1028 Starting in state EMPTY - assignment null
[ WARN ] 2018-05-04 05:07:53,285 org.apache.storm.daemon.supervisor.Slot.<init>(Slot.java:670) --> SLOT DESKTOP-HSD8HR7:1029 Starting in state EMPTY - assignment null
[ WARN ] 2018-05-04 05:07:53,301 org.apache.storm.utils.Utils.addVersions(Utils.java:2258) --> STORM-VERSION new 1.0.4 old null
[ WARN ] 2018-05-04 05:07:53,301 org.apache.storm.utils.Utils.addVersions(Utils.java:2258) --> STORM-VERSION new 1.0.4 old 1.0.4
[ WARN ] 2018-05-04 05:08:07,570 org.apache.avro.ipc.NettyServer$NettyServerAvroHandler.exceptionCaught(NettyServer.java:201) --> Unexpected exception from downstream.
java.io.IOException: 远程主机强迫关闭了一个现有的连接。
	at sun.nio.ch.SocketDispatcher.read0(Native Method)
	at sun.nio.ch.SocketDispatcher.read(SocketDispatcher.java:43)
	at sun.nio.ch.IOUtil.readIntoNativeBuffer(IOUtil.java:223)
	at sun.nio.ch.IOUtil.read(IOUtil.java:192)
	at sun.nio.ch.SocketChannelImpl.read(SocketChannelImpl.java:380)
	at org.jboss.netty.channel.socket.nio.NioWorker.read(NioWorker.java:59)
	at org.jboss.netty.channel.socket.nio.AbstractNioWorker.processSelectedKeys(AbstractNioWorker.java:471)
	at org.jboss.netty.channel.socket.nio.AbstractNioWorker.run(AbstractNioWorker.java:332)
	at org.jboss.netty.channel.socket.nio.NioWorker.run(NioWorker.java:35)
	at java.util.concurrent.ThreadPoolExecutor.runWorker(ThreadPoolExecutor.java:1149)
	at java.util.concurrent.ThreadPoolExecutor$Worker.run(ThreadPoolExecutor.java:624)
	at java.lang.Thread.run(Thread.java:748)
[ WARN ] 2018-05-04 05:08:07,570 org.apache.avro.ipc.NettyServer$NettyServerAvroHandler.exceptionCaught(NettyServer.java:201) --> Unexpected exception from downstream.
java.io.IOException: 远程主机强迫关闭了一个现有的连接。
	at sun.nio.ch.SocketDispatcher.read0(Native Method)
	at sun.nio.ch.SocketDispatcher.read(SocketDispatcher.java:43)
	at sun.nio.ch.IOUtil.readIntoNativeBuffer(IOUtil.java:223)
	at sun.nio.ch.IOUtil.read(IOUtil.java:192)
	at sun.nio.ch.SocketChannelImpl.read(SocketChannelImpl.java:380)
	at org.jboss.netty.channel.socket.nio.NioWorker.read(NioWorker.java:59)
	at org.jboss.netty.channel.socket.nio.AbstractNioWorker.processSelectedKeys(AbstractNioWorker.java:471)
	at org.jboss.netty.channel.socket.nio.AbstractNioWorker.run(AbstractNioWorker.java:332)
	at org.jboss.netty.channel.socket.nio.NioWorker.run(NioWorker.java:35)
	at java.util.concurrent.ThreadPoolExecutor.runWorker(ThreadPoolExecutor.java:1149)
	at java.util.concurrent.ThreadPoolExecutor$Worker.run(ThreadPoolExecutor.java:624)
	at java.lang.Thread.run(Thread.java:748)
